# JRE version: Java(TM) SE Runtime Environment (8.0_241-b07) (build 1.8.0_241-b07)
# Java VM: Java HotSpot(TM) 64-Bit Server VM (25.241-b07 mixed mode windows-amd64 compressed oops)
Heap:
 PSYoungGen      total 96768K, used 47822K [0x00000000eb600000, 0x00000000f2400000, 0x0000000100000000)
  eden space 86528K, 43% used [0x00000000eb600000,0x00000000edab5ca0,0x00000000f0a80000)
  from space 10240K, 99% used [0x00000000f1680000,0x00000000f207dec0,0x00000000f2080000)
  to   space 12288K, 0% used [0x00000000f0a80000,0x00000000f0a80000,0x00000000f1680000)
 ParOldGen       total 63488K, used 18427K [0x00000000c2200000, 0x00000000c6000000, 0x00000000eb600000)
  object space 63488K, 29% used [0x00000000c2200000,0x00000000c33feec0,0x00000000c6000000)
 Metaspace       used 51296K, capacity 54158K, committed 54272K, reserved 1095680K
  class space    used 7114K, capacity 7611K, committed 7680K, reserved 1048576K
GC Heap History (10 events):
Event: 20.990 GC heap before
{Heap before GC invocations=12 (full 1):
 PSYoungGen      total 76288K, used 75849K [0x00000000eb600000, 0x00000000f0800000, 0x0000000100000000)
  eden space 70656K, 100% used [0x00000000eb600000,0x00000000efb00000,0x00000000efb00000)
  from space 5632K, 92% used [0x00000000f0280000,0x00000000f07926e8,0x00000000f0800000)
  to   space 6144K, 0% used [0x00000000efc00000,0x00000000efc00000,0x00000000f0200000)
 ParOldGen       total 35328K, used 6769K [0x00000000c2200000, 0x00000000c4480000, 0x00000000eb600000)
  object space 35328K, 19% used [0x00000000c2200000,0x00000000c289c6e8,0x00000000c4480000)
 Metaspace       used 30853K, capacity 32786K, committed 33024K, reserved 1077248K
  class space    used 4133K, capacity 4497K, committed 4608K, reserved 1048576K
Event: 21.010 GC heap after
Heap after GC invocations=12 (full 1):
 PSYoungGen      total 77824K, used 6126K [0x00000000eb600000, 0x00000000f1200000, 0x0000000100000000)
  eden space 71680K, 0% used [0x00000000eb600000,0x00000000eb600000,0x00000000efc00000)
  from space 6144K, 99% used [0x00000000efc00000,0x00000000f01fbbb8,0x00000000f0200000)
  to   space 7680K, 0% used [0x00000000f0a80000,0x00000000f0a80000,0x00000000f1200000)
 ParOldGen       total 35328K, used 9169K [0x00000000c2200000, 0x00000000c4480000, 0x00000000eb600000)
  object space 35328K, 25% used [0x00000000c2200000,0x00000000c2af45c8,0x00000000c4480000)
 Metaspace       used 30853K, capacity 32786K, committed 33024K, reserved 1077248K
  class space    used 4133K, capacity 4497K, committed 4608K, reserved 1048576K
}
Event: 24.359 GC heap before
{Heap before GC invocations=13 (full 1):
 PSYoungGen      total 77824K, used 32088K [0x00000000eb600000, 0x00000000f1200000, 0x0000000100000000)
  eden space 71680K, 36% used [0x00000000eb600000,0x00000000ecf5a638,0x00000000efc00000)
  from space 6144K, 99% used [0x00000000efc00000,0x00000000f01fbbb8,0x00000000f0200000)
  to   space 7680K, 0% used [0x00000000f0a80000,0x00000000f0a80000,0x00000000f1200000)
 ParOldGen       total 35328K, used 9169K [0x00000000c2200000, 0x00000000c4480000, 0x00000000eb600000)
  object space 35328K, 25% used [0x00000000c2200000,0x00000000c2af45c8,0x00000000c4480000)
 Metaspace       used 33359K, capacity 35388K, committed 35416K, reserved 1079296K
  class space    used 4481K, capacity 4836K, committed 4864K, reserved 1048576K
Event: 24.371 GC heap after
Heap after GC invocations=13 (full 1):
 PSYoungGen      total 85504K, used 5465K [0x00000000eb600000, 0x00000000f1180000, 0x0000000100000000)
  eden space 78336K, 0% used [0x00000000eb600000,0x00000000eb600000,0x00000000f0280000)
  from space 7168K, 76% used [0x00000000f0a80000,0x00000000f0fd6620,0x00000000f1180000)
  to   space 7680K, 0% used [0x00000000f0280000,0x00000000f0280000,0x00000000f0a00000)
 ParOldGen       total 35328K, used 11695K [0x00000000c2200000, 0x00000000c4480000, 0x00000000eb600000)
  object space 35328K, 33% used [0x00000000c2200000,0x00000000c2d6be50,0x00000000c4480000)
 Metaspace       used 33359K, capacity 35388K, committed 35416K, reserved 1079296K
  class space    used 4481K, capacity 4836K, committed 4864K, reserved 1048576K
}
Event: 24.371 GC heap before
{Heap before GC invocations=14 (full 2):
 PSYoungGen      total 85504K, used 5465K [0x00000000eb600000, 0x00000000f1180000, 0x0000000100000000)
  eden space 78336K, 0% used [0x00000000eb600000,0x00000000eb600000,0x00000000f0280000)
  from space 7168K, 76% used [0x00000000f0a80000,0x00000000f0fd6620,0x00000000f1180000)
  to   space 7680K, 0% used [0x00000000f0280000,0x00000000f0280000,0x00000000f0a00000)
 ParOldGen       total 35328K, used 11695K [0x00000000c2200000, 0x00000000c4480000, 0x00000000eb600000)
  object space 35328K, 33% used [0x00000000c2200000,0x00000000c2d6be50,0x00000000c4480000)
 Metaspace       used 33359K, capacity 35388K, committed 35416K, reserved 1079296K
  class space    used 4481K, capacity 4836K, committed 4864K, reserved 1048576K
Event: 24.451 GC heap after
Heap after GC invocations=14 (full 2):
 PSYoungGen      total 85504K, used 0K [0x00000000eb600000, 0x00000000f1180000, 0x0000000100000000)
  eden space 78336K, 0% used [0x00000000eb600000,0x00000000eb600000,0x00000000f0280000)
  from space 7168K, 0% used [0x00000000f0a80000,0x00000000f0a80000,0x00000000f1180000)
  to   space 7680K, 0% used [0x00000000f0280000,0x00000000f0280000,0x00000000f0a00000)
 ParOldGen       total 63488K, used 12724K [0x00000000c2200000, 0x00000000c6000000, 0x00000000eb600000)
  object space 63488K, 20% used [0x00000000c2200000,0x00000000c2e6d1a0,0x00000000c6000000)
 Metaspace       used 33359K, capacity 35388K, committed 35416K, reserved 1079296K
  class space    used 4481K, capacity 4836K, committed 4864K, reserved 1048576K
}
Event: 33.765 GC heap before
{Heap before GC invocations=15 (full 2):
 PSYoungGen      total 85504K, used 78336K [0x00000000eb600000, 0x00000000f1180000, 0x0000000100000000)
  eden space 78336K, 100% used [0x00000000eb600000,0x00000000f0280000,0x00000000f0280000)
  from space 7168K, 0% used [0x00000000f0a80000,0x00000000f0a80000,0x00000000f1180000)
  to   space 7680K, 0% used [0x00000000f0280000,0x00000000f0280000,0x00000000f0a00000)
 ParOldGen       total 63488K, used 12724K [0x00000000c2200000, 0x00000000c6000000, 0x00000000eb600000)
  object space 63488K, 20% used [0x00000000c2200000,0x00000000c2e6d1a0,0x00000000c6000000)
 Metaspace       used 43231K, capacity 45420K, committed 45824K, reserved 1089536K
  class space    used 5929K, capacity 6334K, committed 6400K, reserved 1048576K
Event: 33.784 GC heap after
Heap after GC invocations=15 (full 2):
 PSYoungGen      total 86016K, used 7667K [0x00000000eb600000, 0x00000000f2080000, 0x0000000100000000)
  eden space 78336K, 0% used [0x00000000eb600000,0x00000000eb600000,0x00000000f0280000)
  from space 7680K, 99% used [0x00000000f0280000,0x00000000f09fce60,0x00000000f0a00000)
  to   space 10240K, 0% used [0x00000000f1680000,0x00000000f1680000,0x00000000f2080000)
 ParOldGen       total 63488K, used 16532K [0x00000000c2200000, 0x00000000c6000000, 0x00000000eb600000)
  object space 63488K, 26% used [0x00000000c2200000,0x00000000c32251c8,0x00000000c6000000)
 Metaspace       used 43231K, capacity 45420K, committed 45824K, reserved 1089536K
  class space    used 5929K, capacity 6334K, committed 6400K, reserved 1048576K
}
Event: 40.011 GC heap before
{Heap before GC invocations=16 (full 2):
 PSYoungGen      total 86016K, used 86003K [0x00000000eb600000, 0x00000000f2080000, 0x0000000100000000)
  eden space 78336K, 100% used [0x00000000eb600000,0x00000000f0280000,0x00000000f0280000)
  from space 7680K, 99% used [0x00000000f0280000,0x00000000f09fce60,0x00000000f0a00000)
  to   space 10240K, 0% used [0x00000000f1680000,0x00000000f1680000,0x00000000f2080000)
 ParOldGen       total 63488K, used 16532K [0x00000000c2200000, 0x00000000c6000000, 0x00000000eb600000)
  object space 63488K, 26% used [0x00000000c2200000,0x00000000c32251c8,0x00000000c6000000)
 Metaspace       used 50601K, capacity 53396K, committed 53632K, reserved 1095680K
  class space    used 7048K, capacity 7528K, committed 7552K, reserved 1048576K
Event: 40.043 GC heap after
Heap after GC invocations=16 (full 2):
 PSYoungGen      total 96768K, used 10231K [0x00000000eb600000, 0x00000000f2400000, 0x0000000100000000)
  eden space 86528K, 0% used [0x00000000eb600000,0x00000000eb600000,0x00000000f0a80000)
  from space 10240K, 99% used [0x00000000f1680000,0x00000000f207dec0,0x00000000f2080000)
  to   space 12288K, 0% used [0x00000000f0a80000,0x00000000f0a80000,0x00000000f1680000)
 ParOldGen       total 63488K, used 18427K [0x00000000c2200000, 0x00000000c6000000, 0x00000000eb600000)
  object space 63488K, 29% used [0x00000000c2200000,0x00000000c33feec0,0x00000000c6000000)
 Metaspace       used 50601K, capacity 53396K, committed 53632K, reserved 1095680K
  class space    used 7048K, capacity 7528K, committed 7552K, reserved 1048576K
}

