# JRE version: Java(TM) SE Runtime Environment (13.0.2+8) (build 13.0.2+8)
# Java VM: Java HotSpot(TM) 64-Bit Server VM (13.0.2+8, mixed mode, sharing, tiered, compressed oops, g1 gc, windows-amd64)
Heap:
 garbage-first heap   total 38912K, used 5744K [0x00000000c2200000, 0x0000000100000000)
  region size 1024K, 2 young (2048K), 2 survivors (2048K)
 Metaspace       used 11326K, capacity 13340K, committed 13440K, reserved 1081344K
  class space    used 1382K, capacity 1621K, committed 1664K, reserved 1048576K
GC Heap History (18 events):
Event: 0.614 GC heap before
{Heap before GC invocations=0 (full 0):
 garbage-first heap   total 63488K, used 6144K [0x00000000c2200000, 0x0000000100000000)
  region size 1024K, 7 young (7168K), 0 survivors (0K)
 Metaspace       used 1898K, capacity 5377K, committed 5504K, reserved 1062912K
  class space    used 168K, capacity 517K, committed 640K, reserved 1048576K
}
Event: 0.620 GC heap after
{Heap after GC invocations=1 (full 0):
 garbage-first heap   total 63488K, used 2595K [0x00000000c2200000, 0x0000000100000000)
  region size 1024K, 2 young (2048K), 2 survivors (2048K)
 Metaspace       used 1898K, capacity 5377K, committed 5504K, reserved 1062912K
  class space    used 168K, capacity 517K, committed 640K, reserved 1048576K
}
Event: 0.832 GC heap before
{Heap before GC invocations=2 (full 0):
 garbage-first heap   total 14336K, used 8739K [0x00000000c2200000, 0x0000000100000000)
  region size 1024K, 8 young (8192K), 2 survivors (2048K)
 Metaspace       used 3207K, capacity 6464K, committed 6656K, reserved 1062912K
  class space    used 366K, capacity 689K, committed 768K, reserved 1048576K
}
Event: 0.837 GC heap after
{Heap after GC invocations=3 (full 0):
 garbage-first heap   total 14336K, used 3106K [0x00000000c2200000, 0x0000000100000000)
  region size 1024K, 1 young (1024K), 1 survivors (1024K)
 Metaspace       used 3207K, capacity 6464K, committed 6656K, reserved 1062912K
  class space    used 366K, capacity 689K, committed 768K, reserved 1048576K
}
Event: 0.970 GC heap before
{Heap before GC invocations=3 (full 0):
 garbage-first heap   total 14336K, used 6178K [0x00000000c2200000, 0x0000000100000000)
  region size 1024K, 4 young (4096K), 1 survivors (1024K)
 Metaspace       used 4216K, capacity 7145K, committed 7296K, reserved 1062912K
  class space    used 509K, capacity 788K, committed 896K, reserved 1048576K
}
Event: 0.972 GC heap after
{Heap after GC invocations=4 (full 0):
 garbage-first heap   total 14336K, used 3100K [0x00000000c2200000, 0x0000000100000000)
  region size 1024K, 1 young (1024K), 1 survivors (1024K)
 Metaspace       used 4216K, capacity 7145K, committed 7296K, reserved 1062912K
  class space    used 509K, capacity 788K, committed 896K, reserved 1048576K
}
Event: 1.079 GC heap before
{Heap before GC invocations=4 (full 0):
 garbage-first heap   total 14336K, used 7196K [0x00000000c2200000, 0x0000000100000000)
  region size 1024K, 5 young (5120K), 1 survivors (1024K)
 Metaspace       used 4658K, capacity 7401K, committed 7552K, reserved 1062912K
  class space    used 569K, capacity 852K, committed 896K, reserved 1048576K
}
Event: 1.082 GC heap after
{Heap after GC invocations=5 (full 0):
 garbage-first heap   total 14336K, used 3359K [0x00000000c2200000, 0x0000000100000000)
  region size 1024K, 1 young (1024K), 1 survivors (1024K)
 Metaspace       used 4658K, capacity 7401K, committed 7552K, reserved 1062912K
  class space    used 569K, capacity 852K, committed 896K, reserved 1048576K
}
Event: 1.143 GC heap before
{Heap before GC invocations=5 (full 0):
 garbage-first heap   total 14336K, used 7455K [0x00000000c2200000, 0x0000000100000000)
  region size 1024K, 5 young (5120K), 1 survivors (1024K)
 Metaspace       used 4774K, capacity 7529K, committed 7808K, reserved 1062912K
  class space    used 590K, capacity 852K, committed 896K, reserved 1048576K
}
Event: 1.146 GC heap after
{Heap after GC invocations=6 (full 0):
 garbage-first heap   total 14336K, used 3437K [0x00000000c2200000, 0x0000000100000000)
  region size 1024K, 1 young (1024K), 1 survivors (1024K)
 Metaspace       used 4774K, capacity 7529K, committed 7808K, reserved 1062912K
  class space    used 590K, capacity 852K, committed 896K, reserved 1048576K
}
Event: 1.203 GC heap before
{Heap before GC invocations=6 (full 0):
 garbage-first heap   total 14336K, used 7533K [0x00000000c2200000, 0x0000000100000000)
  region size 1024K, 5 young (5120K), 1 survivors (1024K)
 Metaspace       used 4898K, capacity 7625K, committed 7808K, reserved 1062912K
  class space    used 621K, capacity 884K, committed 896K, reserved 1048576K
}
Event: 1.206 GC heap after
{Heap after GC invocations=7 (full 0):
 garbage-first heap   total 38912K, used 3473K [0x00000000c2200000, 0x0000000100000000)
  region size 1024K, 1 young (1024K), 1 survivors (1024K)
 Metaspace       used 4898K, capacity 7625K, committed 7808K, reserved 1062912K
  class space    used 621K, capacity 884K, committed 896K, reserved 1048576K
}
Event: 1.657 GC heap before
{Heap before GC invocations=7 (full 0):
 garbage-first heap   total 38912K, used 16785K [0x00000000c2200000, 0x0000000100000000)
  region size 1024K, 15 young (15360K), 1 survivors (1024K)
 Metaspace       used 7304K, capacity 9835K, committed 9984K, reserved 1064960K
  class space    used 913K, capacity 1216K, committed 1280K, reserved 1048576K
}
Event: 1.661 GC heap after
{Heap after GC invocations=8 (full 0):
 garbage-first heap   total 38912K, used 4131K [0x00000000c2200000, 0x0000000100000000)
  region size 1024K, 2 young (2048K), 2 survivors (2048K)
 Metaspace       used 7304K, capacity 9835K, committed 9984K, reserved 1064960K
  class space    used 913K, capacity 1216K, committed 1280K, reserved 1048576K
}
Event: 2.214 GC heap before
{Heap before GC invocations=8 (full 0):
 garbage-first heap   total 38912K, used 19491K [0x00000000c2200000, 0x0000000100000000)
  region size 1024K, 18 young (18432K), 2 survivors (2048K)
 Metaspace       used 10025K, capacity 12384K, committed 12672K, reserved 1067008K
  class space    used 1258K, capacity 1543K, committed 1664K, reserved 1048576K
}
Event: 2.221 GC heap after
{Heap after GC invocations=9 (full 0):
 garbage-first heap   total 38912K, used 5354K [0x00000000c2200000, 0x0000000100000000)
  region size 1024K, 3 young (3072K), 3 survivors (3072K)
 Metaspace       used 10025K, capacity 12384K, committed 12672K, reserved 1067008K
  class space    used 1258K, capacity 1543K, committed 1664K, reserved 1048576K
}
Event: 2.443 GC heap before
{Heap before GC invocations=9 (full 0):
 garbage-first heap   total 38912K, used 10474K [0x00000000c2200000, 0x0000000100000000)
  region size 1024K, 9 young (9216K), 3 survivors (3072K)
 Metaspace       used 11326K, capacity 13340K, committed 13440K, reserved 1079296K
  class space    used 1382K, capacity 1621K, committed 1664K, reserved 1048576K
}
Event: 2.453 GC heap after
{Heap after GC invocations=10 (full 0):
 garbage-first heap   total 38912K, used 5744K [0x00000000c2200000, 0x0000000100000000)
  region size 1024K, 2 young (2048K), 2 survivors (2048K)
 Metaspace       used 11326K, capacity 13340K, committed 13440K, reserved 1079296K
  class space    used 1382K, capacity 1621K, committed 1664K, reserved 1048576K
}

